
> web-admin@0.1.0 build E:\startup\kun\apps\web-admin
> next build

▲ Next.js 16.2.1 (Turbopack)
- Environments: .env

⚠ The "middleware" file convention is deprecated. Please use "proxy" instead. Learn more: https://nextjs.org/docs/messages/middleware-to-proxy
  Creating an optimized production build ...
✓ Compiled successfully in 31.1s
  Running TypeScript ...
  Finished TypeScript in 25.9s ...
  Collecting page data using 11 workers ...
  Generating static pages using 11 workers (0/35) ...
An aria-label or aria-labelledby prop is required for accessibility.
An aria-label or aria-labelledby prop is required for accessibility.
An aria-label or aria-labelledby prop is required for accessibility.
  Generating static pages using 11 workers (8/35) 
An aria-label or aria-labelledby prop is required for accessibility.
An aria-label or aria-labelledby prop is required for accessibility.
An aria-label or aria-labelledby prop is required for accessibility.
An aria-label or aria-labelledby prop is required for accessibility.
  Generating static pages using 11 workers (17/35) 
An aria-label or aria-labelledby prop is required for accessibility.
  Generating static pages using 11 workers (26/35) 
An aria-label or aria-labelledby prop is required for accessibility.
✓ Generating static pages using 11 workers (35/35) in 2.2s
  Finalizing page optimization ...

Route (app)
┌ ○ /
├ ○ /_not-found
├ ƒ /api/qr-proxy
├ ƒ /api/tts
├ ƒ /api/upload/face
├ ○ /attendance
├ ○ /categories
├ ○ /feedback
├ ○ /group-orders
├ ○ /hrm
├ ○ /login
├ ○ /orders
├ ƒ /orders/[id]
├ ƒ /orders/[id]/invoice
├ ○ /orders/new
├ ○ /payment-config
├ ○ /points
├ ○ /pos-release
├ ○ /posts
├ ƒ /posts/[id]/edit
├ ○ /posts/new
├ ○ /printer
├ ○ /products
├ ƒ /products/[id]/edit
├ ○ /products/new
├ ○ /referrals
├ ○ /shippers
├ ○ /shipping
├ ○ /sms
├ ○ /tables
├ ƒ /tables/[id]/edit
├ ƒ /tables/[id]/qr
├ ○ /tables/counter
├ ○ /tables/new
├ ○ /taxes
├ ○ /toppings
├ ○ /users
├ ○ /voicer
└ ○ /vouchers


ƒ Proxy (Middleware)

○  (Static)   prerendered as static content
ƒ  (Dynamic)  server-rendered on demand

